<?xml version="1.0" encoding="UTF-8"?>
<!-- Generated by org.testng.reporters.JUnitXMLReporter -->
<testsuite ignored="0" hostname="JP" failures="0" tests="5" name="Test" time="37.108" errors="0" timestamp="2024-11-09T13:41:29 IST">
  <testcase classname="Ecommerce.Test.AddToKart" name="submitOrder" time="6.531"/>
  <testcase classname="Ecommerce.Test.AddToKart" name="ordersPageValidation" time="2.29"/>
  <testcase classname="Ecommerce.Test.Day1" name="hoepage" time="10.742"/>
  <testcase classname="Ecommerce.Test.ErrorValidation" name="LoginErrorValidation" time="1.603"/>
  <testcase classname="Ecommerce.Test.ErrorValidation" name="productErrorValidation" time="3.823"/>
</testsuite> <!-- Test -->
