<?xml version="1.0" encoding="UTF-8"?>
<!-- Generated by org.testng.reporters.JUnitXMLReporter -->
<testsuite ignored="1" hostname="JP" failures="0" tests="1" name="Default test" time="8.871" errors="0" timestamp="2024-11-08T20:10:22 IST">
  <testcase classname="Ecommerce.Test.ErrorValidation" name="productErrorValidation" time="4.243"/>
  <testcase classname="Ecommerce.Test.ErrorValidation" name="LoginErrorValidation" time="0.0">
    <ignored/>
  </testcase> <!-- LoginErrorValidation -->
</testsuite> <!-- Default test -->
