<?xml version="1.0" encoding="UTF-8"?>
<!-- Generated by org.testng.reporters.JUnitXMLReporter -->
<testsuite ignored="2" hostname="JP" failures="0" tests="0" time="0.076" errors="0" timestamp="2024-11-08T17:02:23 IST">
  <testcase classname="Ecommerce.Test.AddToKart" name="ordersPageValidation" time="0.0">
    <ignored/>
  </testcase> <!-- ordersPageValidation -->
  <testcase classname="Ecommerce.Test.AddToKart" name="submitOrder" time="0.0">
    <ignored/>
  </testcase> <!-- submitOrder -->
</testsuite>
